Entering showtime status:  2023-04-29 14:59:18
Entering ready status:  2023-04-29 15:00:32
Entering training status:  2023-04-29 15:00:45
in Error status...
Entering error status:  2023-04-29 15:01:01
in Error status...
in Error status...
in Error status...
in Error status...
in Error status...
in Error status...
in Error status...
in Error status...
Entering ready status:  2023-04-29 15:01:33
Entering training status:  2023-04-29 15:01:37
Entering error status:  2023-04-29 15:01:53
Entering error status:  2023-04-29 15:01:59
Entering ready status:  2023-04-29 15:02:30
Entering training status:  2023-04-29 15:02:40
Entering showtime status:  2023-04-29 15:05:15
Entering error status:  2023-04-29 15:08:42
Entering ready status:  2023-04-29 15:09:11
Entering training status:  2023-04-29 15:09:20
Entering showtime status:  2023-04-29 15:11:45
Entering error status:  2023-04-29 16:32:23
Entering ready status:  2023-04-29 16:32:51
Entering training status:  2023-04-29 16:33:01
Entering showtime status:  2023-04-29 16:35:27
Entering error status:  2023-04-29 16:46:17
Entering error status:  2023-04-29 16:46:45
Entering ready status:  2023-04-29 16:46:48
Entering training status:  2023-04-29 16:46:59
Entering showtime status:  2023-04-29 16:49:22
Entering error status:  2023-04-29 17:43:03
Entering error status:  2023-04-29 17:43:11
Entering ready status:  2023-04-29 17:43:40
Entering training status:  2023-04-29 17:43:50
Entering showtime status:  2023-04-29 17:46:16
